Started by user [8mha:////4Kd8k/XBHp7sSo9OZDOFjSaunVPSb8FqP/2ZICRtmxXwAAAAlx+LCAAAAAAAAP9b85aBtbiIQTGjNKU4P08vOT+vOD8nVc83PyU1x6OyILUoJzMv2y+/JJUBAhiZGBgqihhk0NSjKDWzXb3RdlLBUSYGJk8GtpzUvPSSDB8G5tKinBIGIZ+sxLJE/ZzEvHT94JKizLx0a6BxUmjGOUNodHsLgAyeEgZu/dLi1CL97JzE0mIATk6BWMAAAAA=[0mKlaus Ulrich
Running as SYSTEM
Building in workspace /var/jenkins_home/workspace/baw-evilly
The recommended git tool is: NONE
using credential ebfdf3e0-0004-4d0f-bd92-6eecc5e30db8
 > git rev-parse --resolve-git-dir /var/jenkins_home/workspace/baw-evilly/.git # timeout=10
Fetching changes from the remote Git repository
 > git config remote.origin.url git@github.com:ksulrich/rest-apis-flask-python.git # timeout=10
Fetching upstream changes from git@github.com:ksulrich/rest-apis-flask-python.git
 > git --version # timeout=10
 > git --version # 'git version 2.20.1'
using GIT_SSH to set credentials 
 > git fetch --tags --force --progress -- git@github.com:ksulrich/rest-apis-flask-python.git +refs/heads/*:refs/remotes/origin/* # timeout=10
 > git rev-parse refs/remotes/origin/master^{commit} # timeout=10
Checking out Revision 3bc65b4b1c6227c1f741ed340dd9395329e48a24 (refs/remotes/origin/master)
 > git config core.sparsecheckout # timeout=10
 > git checkout -f 3bc65b4b1c6227c1f741ed340dd9395329e48a24 # timeout=10
Commit message: "add Postman export"
 > git rev-list --no-walk 3bc65b4b1c6227c1f741ed340dd9395329e48a24 # timeout=10
[baw-evilly] $ /bin/bash /tmp/jenkins373049049369340929.sh
npm WARN deprecated har-validator@5.1.5: this library is no longer supported
npm WARN deprecated uuid@3.4.0: Please upgrade  to version 7 or higher.  Older versions may use Math.random() in certain circumstances, which is known to be problematic.  See https://v8.dev/blog/math-random for details.
npm WARN deprecated uuid@3.4.0: Please upgrade  to version 7 or higher.  Older versions may use Math.random() in certain circumstances, which is known to be problematic.  See https://v8.dev/blog/math-random for details.
npm WARN deprecated uuid@3.4.0: Please upgrade  to version 7 or higher.  Older versions may use Math.random() in certain circumstances, which is known to be problematic.  See https://v8.dev/blog/math-random for details.

changed 127 packages, and audited 128 packages in 6s

5 packages are looking for funding
  run `npm fund` for details

found 0 vulnerabilities
Install newman-reporter-htmlextra
npm WARN deprecated gulp-header@1.8.12: Removed event-stream from gulp-header
npm WARN deprecated urix@0.1.0: Please see https://github.com/lydell/urix#deprecated
npm WARN deprecated resolve-url@0.2.1: https://github.com/lydell/resolve-url#deprecated
npm WARN deprecated har-validator@5.1.5: this library is no longer supported
npm WARN deprecated uuid@3.4.0: Please upgrade  to version 7 or higher.  Older versions may use Math.random() in certain circumstances, which is known to be problematic.  See https://v8.dev/blog/math-random for details.
npm WARN deprecated uuid@3.4.0: Please upgrade  to version 7 or higher.  Older versions may use Math.random() in certain circumstances, which is known to be problematic.  See https://v8.dev/blog/math-random for details.
npm WARN deprecated uuid@3.4.0: Please upgrade  to version 7 or higher.  Older versions may use Math.random() in certain circumstances, which is known to be problematic.  See https://v8.dev/blog/math-random for details.
npm WARN deprecated highlight.js@9.18.5: Support has ended for 9.x series. Upgrade to @latest

added 127 packages, changed 259 packages, and audited 387 packages in 10s

7 packages are looking for funding
  run `npm fund` for details

found 0 vulnerabilities
DONE
Java Version is: java 9.0.4
Java(TM) SE Runtime Environment (build 9.0.4+11)
Java HotSpot(TM) 64-Bit Server VM (build 9.0.4+11, mixed mode)
Node Version is: v16.6.1
Newman Version is: 5.2.4
newman

REST

â Chapter 4
â†³ /items
  GET http://localhost:5000/items [errored]
     connect ECONNREFUSED 127.0.0.1:5000

â†³ /item/klaus
  GET http://localhost:5000/item/klaus [errored]
     connect ECONNREFUSED 127.0.0.1:5000

â†³ /item/klaus
  POST http://localhost:5000/item/klaus [errored]
     connect ECONNREFUSED 127.0.0.1:5000

â†³ /item/roya
  POST http://localhost:5000/item/roya [errored]
     connect ECONNREFUSED 127.0.0.1:5000

â†³ /auth
  POST http://localhost:5000/auth [errored]
     connect ECONNREFUSED 127.0.0.1:5000

â section6
â†³ /register
  POST http://9.145.75.40:5000/register [400 BAD REQUEST, 216B, 63ms]

â†³ /auth
  POST http://9.145.75.40:5000/auth [200 OK, 339B, 12ms]
  âœ“  Status code is 200
  âœ“  Body matches string

â†³ /items
  GET http://9.145.75.40:5000/items [200 OK, 165B, 13ms]

â†³ /item/test
  GET http://9.145.75.40:5000/item/test [401 UNAUTHORIZED, 250B, 8ms]

â†³ /item/test
  POST http://9.145.75.40:5000/item/test [201 CREATED, 193B, 19ms]
  âœ“  Status code is 200

â†³ /item/test
  DELETE http://9.145.75.40:5000/item/test [200 OK, 180B, 12ms]

â†³ /stores
  GET http://9.145.75.40:5000/stores [200 OK, 166B, 10ms]

â†³ /store/my_store
  GET http://9.145.75.40:5000/store/my_store [404 NOT FOUND, 189B, 10ms]
  6. Status code is 200

â†³ /store/my_store
  POST http://9.145.75.40:5000/store/my_store [201 CREATED, 194B, 16ms]
  âœ“  Status code is 200

â†³ /store/my_store
  DELETE http://9.145.75.40:5000/store/my_store [200 OK, 180B, 12ms]
  7. Status code is 200

â”Œâ”€â”€â”€â”€â”€â”€â”€â”€â”€â”€â”€â”€â”€â”€â”€â”€â”€â”€â”€â”€â”€â”€â”€â”€â”€â”¬â”€â”€â”€â”€â”€â”€â”€â”€â”€â”€â”€â”€â”€â”€â”€â”€â”€â”€â”¬â”€â”€â”€â”€â”€â”€â”€â”€â”€â”€â”€â”€â”€â”€â”€â”€â”€â”€â”
â”‚                         â”‚         executed â”‚           failed â”‚
â”œâ”€â”€â”€â”€â”€â”€â”€â”€â”€â”€â”€â”€â”€â”€â”€â”€â”€â”€â”€â”€â”€â”€â”€â”€â”€â”¼â”€â”€â”€â”€â”€â”€â”€â”€â”€â”€â”€â”€â”€â”€â”€â”€â”€â”€â”¼â”€â”€â”€â”€â”€â”€â”€â”€â”€â”€â”€â”€â”€â”€â”€â”€â”€â”€â”¤
â”‚              iterations â”‚                1 â”‚                0 â”‚
â”œâ”€â”€â”€â”€â”€â”€â”€â”€â”€â”€â”€â”€â”€â”€â”€â”€â”€â”€â”€â”€â”€â”€â”€â”€â”€â”¼â”€â”€â”€â”€â”€â”€â”€â”€â”€â”€â”€â”€â”€â”€â”€â”€â”€â”€â”¼â”€â”€â”€â”€â”€â”€â”€â”€â”€â”€â”€â”€â”€â”€â”€â”€â”€â”€â”¤
â”‚                requests â”‚               15 â”‚                5 â”‚
â”œâ”€â”€â”€â”€â”€â”€â”€â”€â”€â”€â”€â”€â”€â”€â”€â”€â”€â”€â”€â”€â”€â”€â”€â”€â”€â”¼â”€â”€â”€â”€â”€â”€â”€â”€â”€â”€â”€â”€â”€â”€â”€â”€â”€â”€â”¼â”€â”€â”€â”€â”€â”€â”€â”€â”€â”€â”€â”€â”€â”€â”€â”€â”€â”€â”¤
â”‚            test-scripts â”‚                5 â”‚                0 â”‚
â”œâ”€â”€â”€â”€â”€â”€â”€â”€â”€â”€â”€â”€â”€â”€â”€â”€â”€â”€â”€â”€â”€â”€â”€â”€â”€â”¼â”€â”€â”€â”€â”€â”€â”€â”€â”€â”€â”€â”€â”€â”€â”€â”€â”€â”€â”¼â”€â”€â”€â”€â”€â”€â”€â”€â”€â”€â”€â”€â”€â”€â”€â”€â”€â”€â”¤
â”‚      prerequest-scripts â”‚                0 â”‚                0 â”‚
â”œâ”€â”€â”€â”€â”€â”€â”€â”€â”€â”€â”€â”€â”€â”€â”€â”€â”€â”€â”€â”€â”€â”€â”€â”€â”€â”¼â”€â”€â”€â”€â”€â”€â”€â”€â”€â”€â”€â”€â”€â”€â”€â”€â”€â”€â”¼â”€â”€â”€â”€â”€â”€â”€â”€â”€â”€â”€â”€â”€â”€â”€â”€â”€â”€â”¤
â”‚              assertions â”‚                6 â”‚                2 â”‚
â”œâ”€â”€â”€â”€â”€â”€â”€â”€â”€â”€â”€â”€â”€â”€â”€â”€â”€â”€â”€â”€â”€â”€â”€â”€â”€â”´â”€â”€â”€â”€â”€â”€â”€â”€â”€â”€â”€â”€â”€â”€â”€â”€â”€â”€â”´â”€â”€â”€â”€â”€â”€â”€â”€â”€â”€â”€â”€â”€â”€â”€â”€â”€â”€â”¤
â”‚ total run duration: 624ms                                     â”‚
â”œâ”€â”€â”€â”€â”€â”€â”€â”€â”€â”€â”€â”€â”€â”€â”€â”€â”€â”€â”€â”€â”€â”€â”€â”€â”€â”€â”€â”€â”€â”€â”€â”€â”€â”€â”€â”€â”€â”€â”€â”€â”€â”€â”€â”€â”€â”€â”€â”€â”€â”€â”€â”€â”€â”€â”€â”€â”€â”€â”€â”€â”€â”€â”€â”¤
â”‚ total data received: 585B (approx)                            â”‚
â”œâ”€â”€â”€â”€â”€â”€â”€â”€â”€â”€â”€â”€â”€â”€â”€â”€â”€â”€â”€â”€â”€â”€â”€â”€â”€â”€â”€â”€â”€â”€â”€â”€â”€â”€â”€â”€â”€â”€â”€â”€â”€â”€â”€â”€â”€â”€â”€â”€â”€â”€â”€â”€â”€â”€â”€â”€â”€â”€â”€â”€â”€â”€â”€â”¤
â”‚ average response time: 11ms [min: 8ms, max: 63ms, s.d.: 15ms] â”‚
â””â”€â”€â”€â”€â”€â”€â”€â”€â”€â”€â”€â”€â”€â”€â”€â”€â”€â”€â”€â”€â”€â”€â”€â”€â”€â”€â”€â”€â”€â”€â”€â”€â”€â”€â”€â”€â”€â”€â”€â”€â”€â”€â”€â”€â”€â”€â”€â”€â”€â”€â”€â”€â”€â”€â”€â”€â”€â”€â”€â”€â”€â”€â”€â”˜

  #  failure         detail                                                
                                                                           
 1.  Error                                                                 
                     connect ECONNREFUSED 127.0.0.1:5000                   
                     at request                                            
                     inside "Chapter 4 / /items"                           
                                                                           
 2.  Error                                                                 
                     connect ECONNREFUSED 127.0.0.1:5000                   
                     at request                                            
                     inside "Chapter 4 / /item/klaus"                      
                                                                           
 3.  Error                                                                 
                     connect ECONNREFUSED 127.0.0.1:5000                   
                     at request                                            
                     inside "Chapter 4 / /item/klaus"                      
                                                                           
 4.  Error                                                                 
                     connect ECONNREFUSED 127.0.0.1:5000                   
                     at request                                            
                     inside "Chapter 4 / /item/roya"                       
                                                                           
 5.  Error                                                                 
                     connect ECONNREFUSED 127.0.0.1:5000                   
                     at request                                            
                     inside "Chapter 4 / /auth"                            
                                                                           
 6.  AssertionError  Status code is 200                                    
                     expected response to have status code 201 but got 404 
                     at assertion:0 in test-script                         
                     inside "section6 / /store/my_store"                   
                                                                           
 7.  AssertionError  Status code is 200                                    
                     expected response to have status code 201 but got 200 
                     at assertion:0 in test-script                         
                     inside "section6 / /store/my_store"                   
Build step 'Execute shell' marked build as failure
Finished: FAILURE
