Started by user [8mha:////4Kd8k/XBHp7sSo9OZDOFjSaunVPSb8FqP/2ZICRtmxXwAAAAlx+LCAAAAAAAAP9b85aBtbiIQTGjNKU4P08vOT+vOD8nVc83PyU1x6OyILUoJzMv2y+/JJUBAhiZGBgqihhk0NSjKDWzXb3RdlLBUSYGJk8GtpzUvPSSDB8G5tKinBIGIZ+sxLJE/ZzEvHT94JKizLx0a6BxUmjGOUNodHsLgAyeEgZu/dLi1CL97JzE0mIATk6BWMAAAAA=[0mKlaus Ulrich
Running as SYSTEM
Building in workspace /var/jenkins_home/workspace/baw-evilly
The recommended git tool is: NONE
using credential ebfdf3e0-0004-4d0f-bd92-6eecc5e30db8
Cloning the remote Git repository
Cloning repository git@github.com:ksulrich/rest-apis-flask-python.git
 > git init /var/jenkins_home/workspace/baw-evilly # timeout=10
Fetching upstream changes from git@github.com:ksulrich/rest-apis-flask-python.git
 > git --version # timeout=10
 > git --version # 'git version 2.20.1'
using GIT_SSH to set credentials 
 > git fetch --tags --force --progress -- git@github.com:ksulrich/rest-apis-flask-python.git +refs/heads/*:refs/remotes/origin/* # timeout=10
 > git config remote.origin.url git@github.com:ksulrich/rest-apis-flask-python.git # timeout=10
 > git config --add remote.origin.fetch +refs/heads/*:refs/remotes/origin/* # timeout=10
Avoid second fetch
 > git rev-parse refs/remotes/origin/master^{commit} # timeout=10
Checking out Revision 3bc65b4b1c6227c1f741ed340dd9395329e48a24 (refs/remotes/origin/master)
 > git config core.sparsecheckout # timeout=10
 > git checkout -f 3bc65b4b1c6227c1f741ed340dd9395329e48a24 # timeout=10
Commit message: "add Postman export"
First time build. Skipping changelog.
[baw-evilly] $ /bin/bash /tmp/jenkins13437406516772495326.sh
npm WARN deprecated har-validator@5.1.5: this library is no longer supported
npm WARN deprecated uuid@3.4.0: Please upgrade  to version 7 or higher.  Older versions may use Math.random() in certain circumstances, which is known to be problematic.  See https://v8.dev/blog/math-random for details.
npm WARN deprecated uuid@3.4.0: Please upgrade  to version 7 or higher.  Older versions may use Math.random() in certain circumstances, which is known to be problematic.  See https://v8.dev/blog/math-random for details.
npm WARN deprecated uuid@3.4.0: Please upgrade  to version 7 or higher.  Older versions may use Math.random() in certain circumstances, which is known to be problematic.  See https://v8.dev/blog/math-random for details.

changed 127 packages, and audited 128 packages in 7s

5 packages are looking for funding
  run `npm fund` for details

found 0 vulnerabilities
Install newman-reporter-htmlextra
npm WARN deprecated gulp-header@1.8.12: Removed event-stream from gulp-header
npm WARN deprecated urix@0.1.0: Please see https://github.com/lydell/urix#deprecated
npm WARN deprecated resolve-url@0.2.1: https://github.com/lydell/resolve-url#deprecated
npm WARN deprecated har-validator@5.1.5: this library is no longer supported
npm WARN deprecated uuid@3.4.0: Please upgrade  to version 7 or higher.  Older versions may use Math.random() in certain circumstances, which is known to be problematic.  See https://v8.dev/blog/math-random for details.
npm WARN deprecated uuid@3.4.0: Please upgrade  to version 7 or higher.  Older versions may use Math.random() in certain circumstances, which is known to be problematic.  See https://v8.dev/blog/math-random for details.
npm WARN deprecated uuid@3.4.0: Please upgrade  to version 7 or higher.  Older versions may use Math.random() in certain circumstances, which is known to be problematic.  See https://v8.dev/blog/math-random for details.
npm WARN deprecated highlight.js@9.18.5: Support has ended for 9.x series. Upgrade to @latest

added 127 packages, changed 259 packages, and audited 387 packages in 12s

7 packages are looking for funding
  run `npm fund` for details

found 0 vulnerabilities
DONE
Java Version is: java 9.0.4
Java(TM) SE Runtime Environment (build 9.0.4+11)
Java HotSpot(TM) 64-Bit Server VM (build 9.0.4+11, mixed mode)
Node Version is: v16.6.1
Newman Version is: 5.2.4
newman

REST

â Chapter 4
â†³ /items
  GET http://localhost:5000/items [errored]
     connect ECONNREFUSED 127.0.0.1:5000

â†³ /item/klaus
  GET http://localhost:5000/item/klaus [errored]
     connect ECONNREFUSED 127.0.0.1:5000

â†³ /item/klaus
  POST http://localhost:5000/item/klaus [errored]
     connect ECONNREFUSED 127.0.0.1:5000

â†³ /item/roya
  POST http://localhost:5000/item/roya [errored]
     connect ECONNREFUSED 127.0.0.1:5000

â†³ /auth
  POST http://localhost:5000/auth [errored]
     connect ECONNREFUSED 127.0.0.1:5000

â section6
â†³ /register
  POST {{url}}/register [errored]
     getaddrinfo ENOTFOUND {{url}}

â†³ /auth
  POST {{url}}/auth [errored]
     getaddrinfo ENOTFOUND {{url}}
  8. Status code is 200
  9. Body matches string
 10â „ JSONError in test-script

â†³ /items
  GET {{url}}/items [errored]
     getaddrinfo ENOTFOUND {{url}}

â†³ /item/test
  GET {{url}}/item/test [errored]
     getaddrinfo ENOTFOUND {{url}}

â†³ /item/test
  POST {{url}}/item/test [errored]
     getaddrinfo ENOTFOUND {{url}}
 14. Status code is 200

â†³ /item/test
  DELETE {{url}}/item/test [errored]
     getaddrinfo ENOTFOUND {{url}}

â†³ /stores
  GET {{url}}/stores [errored]
     getaddrinfo ENOTFOUND {{url}}

â†³ /store/my_store
  GET {{url}}/store/my_store [errored]
     getaddrinfo ENOTFOUND {{url}}
 18. Status code is 200

â†³ /store/my_store
  POST {{url}}/store/my_store [errored]
     getaddrinfo ENOTFOUND {{url}}
 20. Status code is 200

â†³ /store/my_store
  DELETE {{url}}/store/my_store [errored]
     getaddrinfo ENOTFOUND {{url}}
 22. Status code is 200

â”Œâ”€â”€â”€â”€â”€â”€â”€â”€â”€â”€â”€â”€â”€â”€â”€â”€â”€â”€â”€â”€â”€â”€â”€â”€â”€â”¬â”€â”€â”€â”€â”€â”€â”€â”€â”€â”€â”¬â”€â”€â”€â”€â”€â”€â”€â”€â”€â”€â”
â”‚                         â”‚ executed â”‚   failed â”‚
â”œâ”€â”€â”€â”€â”€â”€â”€â”€â”€â”€â”€â”€â”€â”€â”€â”€â”€â”€â”€â”€â”€â”€â”€â”€â”€â”¼â”€â”€â”€â”€â”€â”€â”€â”€â”€â”€â”¼â”€â”€â”€â”€â”€â”€â”€â”€â”€â”€â”¤
â”‚              iterations â”‚        1 â”‚        0 â”‚
â”œâ”€â”€â”€â”€â”€â”€â”€â”€â”€â”€â”€â”€â”€â”€â”€â”€â”€â”€â”€â”€â”€â”€â”€â”€â”€â”¼â”€â”€â”€â”€â”€â”€â”€â”€â”€â”€â”¼â”€â”€â”€â”€â”€â”€â”€â”€â”€â”€â”¤
â”‚                requests â”‚       15 â”‚       15 â”‚
â”œâ”€â”€â”€â”€â”€â”€â”€â”€â”€â”€â”€â”€â”€â”€â”€â”€â”€â”€â”€â”€â”€â”€â”€â”€â”€â”¼â”€â”€â”€â”€â”€â”€â”€â”€â”€â”€â”¼â”€â”€â”€â”€â”€â”€â”€â”€â”€â”€â”¤
â”‚            test-scripts â”‚        5 â”‚        1 â”‚
â”œâ”€â”€â”€â”€â”€â”€â”€â”€â”€â”€â”€â”€â”€â”€â”€â”€â”€â”€â”€â”€â”€â”€â”€â”€â”€â”¼â”€â”€â”€â”€â”€â”€â”€â”€â”€â”€â”¼â”€â”€â”€â”€â”€â”€â”€â”€â”€â”€â”¤
â”‚      prerequest-scripts â”‚        0 â”‚        0 â”‚
â”œâ”€â”€â”€â”€â”€â”€â”€â”€â”€â”€â”€â”€â”€â”€â”€â”€â”€â”€â”€â”€â”€â”€â”€â”€â”€â”¼â”€â”€â”€â”€â”€â”€â”€â”€â”€â”€â”¼â”€â”€â”€â”€â”€â”€â”€â”€â”€â”€â”¤
â”‚              assertions â”‚        6 â”‚        6 â”‚
â”œâ”€â”€â”€â”€â”€â”€â”€â”€â”€â”€â”€â”€â”€â”€â”€â”€â”€â”€â”€â”€â”€â”€â”€â”€â”€â”´â”€â”€â”€â”€â”€â”€â”€â”€â”€â”€â”´â”€â”€â”€â”€â”€â”€â”€â”€â”€â”€â”¤
â”‚ total run duration: 467ms                     â”‚
â”œâ”€â”€â”€â”€â”€â”€â”€â”€â”€â”€â”€â”€â”€â”€â”€â”€â”€â”€â”€â”€â”€â”€â”€â”€â”€â”€â”€â”€â”€â”€â”€â”€â”€â”€â”€â”€â”€â”€â”€â”€â”€â”€â”€â”€â”€â”€â”€â”¤
â”‚ total data received: 0B (approx)              â”‚
â””â”€â”€â”€â”€â”€â”€â”€â”€â”€â”€â”€â”€â”€â”€â”€â”€â”€â”€â”€â”€â”€â”€â”€â”€â”€â”€â”€â”€â”€â”€â”€â”€â”€â”€â”€â”€â”€â”€â”€â”€â”€â”€â”€â”€â”€â”€â”€â”˜

   #  failure         detail                                                                                                                                                                             
                                                                                                                                                                                                         
 01.  Error                                                                                                                                                                                              
                      connect ECONNREFUSED 127.0.0.1:5000                                                                                                                                                
                      at request                                                                                                                                                                         
                      inside "Chapter 4 / /items"                                                                                                                                                        
                                                                                                                                                                                                         
 02.  Error                                                                                                                                                                                              
                      connect ECONNREFUSED 127.0.0.1:5000                                                                                                                                                
                      at request                                                                                                                                                                         
                      inside "Chapter 4 / /item/klaus"                                                                                                                                                   
                                                                                                                                                                                                         
 03.  Error                                                                                                                                                                                              
                      connect ECONNREFUSED 127.0.0.1:5000                                                                                                                                                
                      at request                                                                                                                                                                         
                      inside "Chapter 4 / /item/klaus"                                                                                                                                                   
                                                                                                                                                                                                         
 04.  Error                                                                                                                                                                                              
                      connect ECONNREFUSED 127.0.0.1:5000                                                                                                                                                
                      at request                                                                                                                                                                         
                      inside "Chapter 4 / /item/roya"                                                                                                                                                    
                                                                                                                                                                                                         
 05.  Error                                                                                                                                                                                              
                      connect ECONNREFUSED 127.0.0.1:5000                                                                                                                                                
                      at request                                                                                                                                                                         
                      inside "Chapter 4 / /auth"                                                                                                                                                         
                                                                                                                                                                                                         
 06.  Error                                                                                                                                                                                              
                      getaddrinfo ENOTFOUND {{url}}                                                                                                                                                      
                      at request                                                                                                                                                                         
                      inside "section6 / /register"                                                                                                                                                      
                                                                                                                                                                                                         
 07.  Error                                                                                                                                                                                              
                      getaddrinfo ENOTFOUND {{url}}                                                                                                                                                      
                      at request                                                                                                                                                                         
                      inside "section6 / /auth"                                                                                                                                                          
                                                                                                                                                                                                         
 08.  AssertionError  Status code is 200                                                                                                                                                                 
                      expected { Object (id, _details, ...) } to have property 'code'                                                                                                                    
                      at assertion:0 in test-script                                                                                                                                                      
                      inside "section6 / /auth"                                                                                                                                                          
                                                                                                                                                                                                         
 09.  AssertionError  Body matches string                                                                                                                                                                
                      the given combination of arguments (undefined and string) is invalid for this assertion. You can use an array, a map, an object, a set, a string, or a weakset instead of a string 
                      at assertion:1 in test-script                                                                                                                                                      
                      inside "section6 / /auth"                                                                                                                                                          
                                                                                                                                                                                                         
 10.  JSONError                                                                                                                                                                                          
                      Unexpected token u in JSON at position 0                                                                                                                                           
                      at test-script                                                                                                                                                                     
                      inside "section6 / /auth"                                                                                                                                                          
                                                                                                                                                                                                         
 11.  Error                                                                                                                                                                                              
                      getaddrinfo ENOTFOUND {{url}}                                                                                                                                                      
                      at request                                                                                                                                                                         
                      inside "section6 / /items"                                                                                                                                                         
                                                                                                                                                                                                         
 12.  Error                                                                                                                                                                                              
                      getaddrinfo ENOTFOUND {{url}}                                                                                                                                                      
                      at request                                                                                                                                                                         
                      inside "section6 / /item/test"                                                                                                                                                     
                                                                                                                                                                                                         
 13.  Error                                                                                                                                                                                              
                      getaddrinfo ENOTFOUND {{url}}                                                                                                                                                      
                      at request                                                                                                                                                                         
                      inside "section6 / /item/test"                                                                                                                                                     
                                                                                                                                                                                                         
 14.  AssertionError  Status code is 200                                                                                                                                                                 
                      expected { Object (id, _details, ...) } to have property 'code'                                                                                                                    
                      at assertion:0 in test-script                                                                                                                                                      
                      inside "section6 / /item/test"                                                                                                                                                     
                                                                                                                                                                                                         
 15.  Error                                                                                                                                                                                              
                      getaddrinfo ENOTFOUND {{url}}                                                                                                                                                      
                      at request                                                                                                                                                                         
                      inside "section6 / /item/test"                                                                                                                                                     
                                                                                                                                                                                                         
 16.  Error                                                                                                                                                                                              
                      getaddrinfo ENOTFOUND {{url}}                                                                                                                                                      
                      at request                                                                                                                                                                         
                      inside "section6 / /stores"                                                                                                                                                        
                                                                                                                                                                                                         
 17.  Error                                                                                                                                                                                              
                      getaddrinfo ENOTFOUND {{url}}                                                                                                                                                      
                      at request                                                                                                                                                                         
                      inside "section6 / /store/my_store"                                                                                                                                                
                                                                                                                                                                                                         
 18.  AssertionError  Status code is 200                                                                                                                                                                 
                      expected { Object (id, _details, ...) } to have property 'code'                                                                                                                    
                      at assertion:0 in test-script                                                                                                                                                      
                      inside "section6 / /store/my_store"                                                                                                                                                
                                                                                                                                                                                                         
 19.  Error                                                                                                                                                                                              
                      getaddrinfo ENOTFOUND {{url}}                                                                                                                                                      
                      at request                                                                                                                                                                         
                      inside "section6 / /store/my_store"                                                                                                                                                
                                                                                                                                                                                                         
 20.  AssertionError  Status code is 200                                                                                                                                                                 
                      expected { Object (id, _details, ...) } to have property 'code'                                                                                                                    
                      at assertion:0 in test-script                                                                                                                                                      
                      inside "section6 / /store/my_store"                                                                                                                                                
                                                                                                                                                                                                         
 21.  Error                                                                                                                                                                                              
                      getaddrinfo ENOTFOUND {{url}}                                                                                                                                                      
                      at request                                                                                                                                                                         
                      inside "section6 / /store/my_store"                                                                                                                                                
                                                                                                                                                                                                         
 22.  AssertionError  Status code is 200                                                                                                                                                                 
                      expected { Object (id, _details, ...) } to have property 'code'                                                                                                                    
                      at assertion:0 in test-script                                                                                                                                                      
                      inside "section6 / /store/my_store"                                                                                                                                                
Build step 'Execute shell' marked build as failure
Finished: FAILURE
